# JRE version: Java(TM) SE Runtime Environment (8.0_311-b11) (build 1.8.0_311-b11)
# Java VM: Java HotSpot(TM) 64-Bit Server VM (25.311-b11 mixed mode windows-amd64 compressed oops)
Heap:
 PSYoungGen      total 56832K, used 24687K [0x0000000781180000, 0x0000000785080000, 0x00000007c0000000)
  eden space 49152K, 50% used [0x0000000781180000,0x000000078299bd68,0x0000000784180000)
  from space 7680K, 0% used [0x0000000784900000,0x0000000784900000,0x0000000785080000)
  to   space 7680K, 0% used [0x0000000784180000,0x0000000784180000,0x0000000784900000)
 ParOldGen       total 80384K, used 5335K [0x0000000703400000, 0x0000000708280000, 0x0000000781180000)
  object space 80384K, 6% used [0x0000000703400000,0x0000000703935d80,0x0000000708280000)
 Metaspace       used 19271K, capacity 19568K, committed 19840K, reserved 1067008K
  class space    used 2272K, capacity 2386K, committed 2432K, reserved 1048576K
GC Heap History (6 events):
Event: 0.803 GC heap before
{Heap before GC invocations=1 (full 0):
 PSYoungGen      total 56832K, used 49152K [0x0000000781180000, 0x0000000785080000, 0x00000007c0000000)
  eden space 49152K, 100% used [0x0000000781180000,0x0000000784180000,0x0000000784180000)
  from space 7680K, 0% used [0x0000000784900000,0x0000000784900000,0x0000000785080000)
  to   space 7680K, 0% used [0x0000000784180000,0x0000000784180000,0x0000000784900000)
 ParOldGen       total 130048K, used 0K [0x0000000703400000, 0x000000070b300000, 0x0000000781180000)
  object space 130048K, 0% used [0x0000000703400000,0x0000000703400000,0x000000070b300000)
 Metaspace       used 13235K, capacity 13490K, committed 13696K, reserved 1060864K
  class space    used 1539K, capacity 1617K, committed 1664K, reserved 1048576K
Event: 0.808 GC heap after
Heap after GC invocations=1 (full 0):
 PSYoungGen      total 56832K, used 6240K [0x0000000781180000, 0x0000000785080000, 0x00000007c0000000)
  eden space 49152K, 0% used [0x0000000781180000,0x0000000781180000,0x0000000784180000)
  from space 7680K, 81% used [0x0000000784180000,0x0000000784798338,0x0000000784900000)
  to   space 7680K, 0% used [0x0000000784900000,0x0000000784900000,0x0000000785080000)
 ParOldGen       total 130048K, used 80K [0x0000000703400000, 0x000000070b300000, 0x0000000781180000)
  object space 130048K, 0% used [0x0000000703400000,0x0000000703414010,0x000000070b300000)
 Metaspace       used 13235K, capacity 13490K, committed 13696K, reserved 1060864K
  class space    used 1539K, capacity 1617K, committed 1664K, reserved 1048576K
}
Event: 0.927 GC heap before
{Heap before GC invocations=2 (full 0):
 PSYoungGen      total 56832K, used 14795K [0x0000000781180000, 0x0000000785080000, 0x00000007c0000000)
  eden space 49152K, 17% used [0x0000000781180000,0x00000007819daba8,0x0000000784180000)
  from space 7680K, 81% used [0x0000000784180000,0x0000000784798338,0x0000000784900000)
  to   space 7680K, 0% used [0x0000000784900000,0x0000000784900000,0x0000000785080000)
 ParOldGen       total 130048K, used 80K [0x0000000703400000, 0x000000070b300000, 0x0000000781180000)
  object space 130048K, 0% used [0x0000000703400000,0x0000000703414010,0x000000070b300000)
 Metaspace       used 15599K, capacity 15822K, committed 16000K, reserved 1067008K
  class space    used 1807K, capacity 1886K, committed 1920K, reserved 1048576K
Event: 0.930 GC heap after
Heap after GC invocations=2 (full 0):
 PSYoungGen      total 56832K, used 5493K [0x0000000781180000, 0x0000000785080000, 0x00000007c0000000)
  eden space 49152K, 0% used [0x0000000781180000,0x0000000781180000,0x0000000784180000)
  from space 7680K, 71% used [0x0000000784900000,0x0000000784e5d4a8,0x0000000785080000)
  to   space 7680K, 0% used [0x0000000784180000,0x0000000784180000,0x0000000784900000)
 ParOldGen       total 130048K, used 88K [0x0000000703400000, 0x000000070b300000, 0x0000000781180000)
  object space 130048K, 0% used [0x0000000703400000,0x0000000703416010,0x000000070b300000)
 Metaspace       used 15599K, capacity 15822K, committed 16000K, reserved 1067008K
  class space    used 1807K, capacity 1886K, committed 1920K, reserved 1048576K
}
Event: 0.930 GC heap before
{Heap before GC invocations=3 (full 1):
 PSYoungGen      total 56832K, used 5493K [0x0000000781180000, 0x0000000785080000, 0x00000007c0000000)
  eden space 49152K, 0% used [0x0000000781180000,0x0000000781180000,0x0000000784180000)
  from space 7680K, 71% used [0x0000000784900000,0x0000000784e5d4a8,0x0000000785080000)
  to   space 7680K, 0% used [0x0000000784180000,0x0000000784180000,0x0000000784900000)
 ParOldGen       total 130048K, used 88K [0x0000000703400000, 0x000000070b300000, 0x0000000781180000)
  object space 130048K, 0% used [0x0000000703400000,0x0000000703416010,0x000000070b300000)
 Metaspace       used 15599K, capacity 15822K, committed 16000K, reserved 1067008K
  class space    used 1807K, capacity 1886K, committed 1920K, reserved 1048576K
Event: 0.947 GC heap after
Heap after GC invocations=3 (full 1):
 PSYoungGen      total 56832K, used 0K [0x0000000781180000, 0x0000000785080000, 0x00000007c0000000)
  eden space 49152K, 0% used [0x0000000781180000,0x0000000781180000,0x0000000784180000)
  from space 7680K, 0% used [0x0000000784900000,0x0000000784900000,0x0000000785080000)
  to   space 7680K, 0% used [0x0000000784180000,0x0000000784180000,0x0000000784900000)
 ParOldGen       total 80384K, used 5335K [0x0000000703400000, 0x0000000708280000, 0x0000000781180000)
  object space 80384K, 6% used [0x0000000703400000,0x0000000703935d80,0x0000000708280000)
 Metaspace       used 15599K, capacity 15822K, committed 16000K, reserved 1064960K
  class space    used 1807K, capacity 1886K, committed 1920K, reserved 1048576K
}

